11:02:17.369 [main] INFO  com.yijiankang.RedisdemoApplication - Starting RedisdemoApplication on LAPTOP-F5IOUFVB with PID 5232 (D:\mytest\target\classes started by Mr in D:\mytest)
11:02:17.371 [main] INFO  com.yijiankang.RedisdemoApplication - No active profile set, falling back to default profiles: default
11:02:19.041 [main] INFO  o.s.d.r.c.RepositoryConfigurationDelegate - Multiple Spring Data modules found, entering strict repository configuration mode!
11:02:19.046 [main] INFO  o.s.d.r.c.RepositoryConfigurationDelegate - Bootstrapping Spring Data repositories in DEFAULT mode.
11:02:19.096 [main] INFO  o.s.d.r.c.RepositoryConfigurationDelegate - Finished Spring Data repository scanning in 34ms. Found 0 repository interfaces.
11:02:20.019 [main] INFO  o.s.b.w.e.tomcat.TomcatWebServer - Tomcat initialized with port(s): 8080 (http)
11:02:20.049 [main] INFO  o.a.coyote.http11.Http11NioProtocol - Initializing ProtocolHandler ["http-nio-8080"]
11:02:20.065 [main] INFO  o.a.catalina.core.StandardService - Starting service [Tomcat]
11:02:20.065 [main] INFO  o.a.catalina.core.StandardEngine - Starting Servlet engine: [Apache Tomcat/9.0.19]
11:02:20.207 [main] INFO  o.a.c.c.C.[Tomcat].[localhost].[/] - Initializing Spring embedded WebApplicationContext
11:02:20.207 [main] INFO  o.s.web.context.ContextLoader - Root WebApplicationContext: initialization completed in 2802 ms
11:02:20.824 [main] INFO  o.s.s.c.ThreadPoolTaskExecutor - Initializing ExecutorService 'clientInboundChannelExecutor'
11:02:20.828 [main] INFO  o.s.s.c.ThreadPoolTaskExecutor - Initializing ExecutorService 'clientOutboundChannelExecutor'
11:02:21.246 [main] INFO  s.d.s.w.PropertySourcedRequestMappingHandlerMapping - Mapped URL path [/v2/api-docs] onto method [public org.springframework.http.ResponseEntity<springfox.documentation.spring.web.json.Json> springfox.documentation.swagger2.web.Swagger2Controller.getDocumentation(java.lang.String,javax.servlet.http.HttpServletRequest)]
11:02:21.267 [main] INFO  o.s.s.c.ThreadPoolTaskScheduler - Initializing ExecutorService 'messageBrokerTaskScheduler'
11:02:21.312 [main] INFO  o.s.s.c.ThreadPoolTaskExecutor - Initializing ExecutorService 'brokerChannelExecutor'
11:02:21.706 [main] INFO  s.d.s.w.p.DocumentationPluginsBootstrapper - Context refreshed
11:02:21.735 [main] INFO  s.d.s.w.p.DocumentationPluginsBootstrapper - Found 1 custom documentation plugin(s)
11:02:21.771 [main] INFO  s.d.s.w.s.ApiListingReferenceScanner - Scanning for api listing references
11:02:21.943 [main] INFO  o.s.m.s.b.SimpleBrokerMessageHandler - Starting...
11:02:21.944 [main] INFO  o.s.m.s.b.SimpleBrokerMessageHandler - BrokerAvailabilityEvent[available=true, SimpleBrokerMessageHandler [DefaultSubscriptionRegistry[cache[0 destination(s)], registry[0 sessions]]]]
11:02:21.944 [main] INFO  o.s.m.s.b.SimpleBrokerMessageHandler - Started.
11:02:21.969 [main] INFO  o.a.coyote.http11.Http11NioProtocol - Starting ProtocolHandler ["http-nio-8080"]
11:02:21.988 [main] INFO  o.s.b.w.e.tomcat.TomcatWebServer - Tomcat started on port(s): 8080 (http) with context path ''
11:02:21.990 [main] INFO  com.yijiankang.RedisdemoApplication - Started RedisdemoApplication in 5.072 seconds (JVM running for 7.32)
11:03:21.311 [MessageBroker-1] INFO  o.s.w.s.c.WebSocketMessageBrokerStats - WebSocketSession[0 current WS(0)-HttpStream(0)-HttpPoll(0), 0 total, 0 closed abnormally (0 connect failure, 0 send limit, 0 transport error)], stompSubProtocol[processed CONNECT(0)-CONNECTED(0)-DISCONNECT(0)], stompBrokerRelay[null], inboundChannel[pool size = 0, active threads = 0, queued tasks = 0, completed tasks = 0], outboundChannel[pool size = 0, active threads = 0, queued tasks = 0, completed tasks = 0], sockJsScheduler[pool size = 1, active threads = 1, queued tasks = 0, completed tasks = 0]
11:10:46.485 [http-nio-8080-exec-1] INFO  o.a.c.c.C.[Tomcat].[localhost].[/] - Initializing Spring DispatcherServlet 'dispatcherServlet'
11:10:46.485 [http-nio-8080-exec-1] INFO  o.s.web.servlet.DispatcherServlet - Initializing Servlet 'dispatcherServlet'
11:10:46.496 [http-nio-8080-exec-1] INFO  o.s.web.servlet.DispatcherServlet - Completed initialization in 10 ms
11:11:36.804 [http-nio-8080-exec-7] WARN  o.s.w.s.m.s.DefaultHandlerExceptionResolver - Resolved [org.springframework.web.HttpMediaTypeNotAcceptableException: Could not find acceptable representation]
11:12:36.155 [http-nio-8080-exec-2] WARN  o.s.w.s.m.s.DefaultHandlerExceptionResolver - Resolved [org.springframework.web.HttpMediaTypeNotAcceptableException: Could not find acceptable representation]
11:33:21.310 [MessageBroker-4] INFO  o.s.w.s.c.WebSocketMessageBrokerStats - WebSocketSession[0 current WS(0)-HttpStream(0)-HttpPoll(0), 2 total, 0 closed abnormally (0 connect failure, 0 send limit, 0 transport error)], stompSubProtocol[processed CONNECT(0)-CONNECTED(0)-DISCONNECT(0)], stompBrokerRelay[null], inboundChannel[pool size = 0, active threads = 0, queued tasks = 0, completed tasks = 6], outboundChannel[pool size = 0, active threads = 0, queued tasks = 0, completed tasks = 2], sockJsScheduler[pool size = 4, active threads = 1, queued tasks = 1, completed tasks = 276]
11:34:14.728 [http-nio-8080-exec-9] WARN  o.s.w.s.m.s.DefaultHandlerExceptionResolver - Resolved [org.springframework.web.HttpMediaTypeNotAcceptableException: Could not find acceptable representation]
11:40:49.343 [http-nio-8080-exec-7] WARN  o.s.w.s.m.s.DefaultHandlerExceptionResolver - Resolved [org.springframework.web.HttpMediaTypeNotAcceptableException: Could not find acceptable representation]
11:44:56.115 [main] INFO  com.yijiankang.RedisdemoApplication - Starting RedisdemoApplication on LAPTOP-F5IOUFVB with PID 6708 (D:\mytest\target\classes started by Mr in D:\mytest)
11:44:56.117 [main] INFO  com.yijiankang.RedisdemoApplication - No active profile set, falling back to default profiles: default
11:44:56.889 [main] INFO  o.s.d.r.c.RepositoryConfigurationDelegate - Multiple Spring Data modules found, entering strict repository configuration mode!
11:44:56.891 [main] INFO  o.s.d.r.c.RepositoryConfigurationDelegate - Bootstrapping Spring Data repositories in DEFAULT mode.
11:44:56.916 [main] INFO  o.s.d.r.c.RepositoryConfigurationDelegate - Finished Spring Data repository scanning in 15ms. Found 0 repository interfaces.
11:44:57.738 [main] INFO  o.s.b.w.e.tomcat.TomcatWebServer - Tomcat initialized with port(s): 8080 (http)
11:44:57.751 [main] INFO  o.a.coyote.http11.Http11NioProtocol - Initializing ProtocolHandler ["http-nio-8080"]
11:44:57.760 [main] INFO  o.a.catalina.core.StandardService - Starting service [Tomcat]
11:44:57.761 [main] INFO  o.a.catalina.core.StandardEngine - Starting Servlet engine: [Apache Tomcat/9.0.19]
11:44:57.920 [main] INFO  o.a.c.c.C.[Tomcat].[localhost].[/] - Initializing Spring embedded WebApplicationContext
11:44:57.921 [main] INFO  o.s.web.context.ContextLoader - Root WebApplicationContext: initialization completed in 1767 ms
11:44:58.260 [main] INFO  o.s.s.c.ThreadPoolTaskExecutor - Initializing ExecutorService 'clientInboundChannelExecutor'
11:44:58.263 [main] INFO  o.s.s.c.ThreadPoolTaskExecutor - Initializing ExecutorService 'clientOutboundChannelExecutor'
11:44:58.612 [main] INFO  s.d.s.w.PropertySourcedRequestMappingHandlerMapping - Mapped URL path [/v2/api-docs] onto method [public org.springframework.http.ResponseEntity<springfox.documentation.spring.web.json.Json> springfox.documentation.swagger2.web.Swagger2Controller.getDocumentation(java.lang.String,javax.servlet.http.HttpServletRequest)]
11:44:58.625 [main] INFO  o.s.s.c.ThreadPoolTaskScheduler - Initializing ExecutorService 'messageBrokerTaskScheduler'
11:44:58.648 [main] INFO  o.s.s.c.ThreadPoolTaskExecutor - Initializing ExecutorService 'brokerChannelExecutor'
11:44:58.943 [main] INFO  s.d.s.w.p.DocumentationPluginsBootstrapper - Context refreshed
11:44:58.958 [main] INFO  s.d.s.w.p.DocumentationPluginsBootstrapper - Found 1 custom documentation plugin(s)
11:44:58.985 [main] INFO  s.d.s.w.s.ApiListingReferenceScanner - Scanning for api listing references
11:44:59.104 [main] INFO  o.s.m.s.b.SimpleBrokerMessageHandler - Starting...
11:44:59.104 [main] INFO  o.s.m.s.b.SimpleBrokerMessageHandler - BrokerAvailabilityEvent[available=true, SimpleBrokerMessageHandler [DefaultSubscriptionRegistry[cache[0 destination(s)], registry[0 sessions]]]]
11:44:59.105 [main] INFO  o.s.m.s.b.SimpleBrokerMessageHandler - Started.
11:44:59.111 [main] INFO  o.a.coyote.http11.Http11NioProtocol - Starting ProtocolHandler ["http-nio-8080"]
11:44:59.134 [main] INFO  o.s.b.w.e.tomcat.TomcatWebServer - Tomcat started on port(s): 8080 (http) with context path ''
11:44:59.137 [main] INFO  com.yijiankang.RedisdemoApplication - Started RedisdemoApplication in 3.288 seconds (JVM running for 4.306)
11:45:30.111 [http-nio-8080-exec-1] INFO  o.a.c.c.C.[Tomcat].[localhost].[/] - Initializing Spring DispatcherServlet 'dispatcherServlet'
11:45:30.111 [http-nio-8080-exec-1] INFO  o.s.web.servlet.DispatcherServlet - Initializing Servlet 'dispatcherServlet'
11:45:30.121 [http-nio-8080-exec-1] INFO  o.s.web.servlet.DispatcherServlet - Completed initialization in 10 ms
11:45:58.648 [MessageBroker-1] INFO  o.s.w.s.c.WebSocketMessageBrokerStats - WebSocketSession[0 current WS(0)-HttpStream(0)-HttpPoll(0), 0 total, 0 closed abnormally (0 connect failure, 0 send limit, 0 transport error)], stompSubProtocol[processed CONNECT(0)-CONNECTED(0)-DISCONNECT(0)], stompBrokerRelay[null], inboundChannel[pool size = 0, active threads = 0, queued tasks = 0, completed tasks = 0], outboundChannel[pool size = 0, active threads = 0, queued tasks = 0, completed tasks = 0], sockJsScheduler[pool size = 1, active threads = 1, queued tasks = 0, completed tasks = 0]
11:47:33.247 [http-nio-8080-exec-7] WARN  o.s.w.s.m.s.DefaultHandlerExceptionResolver - Resolved [org.springframework.web.HttpMediaTypeNotAcceptableException: Could not find acceptable representation]
11:47:37.958 [http-nio-8080-exec-6] WARN  o.s.w.s.m.s.DefaultHandlerExceptionResolver - Resolved [org.springframework.web.HttpMediaTypeNotAcceptableException: Could not find acceptable representation]
11:48:52.041 [http-nio-8080-exec-7] WARN  o.s.w.s.s.t.h.DefaultSockJsService - Origin check enabled but transport 'jsonp' does not support it.
11:51:48.037 [http-nio-8080-exec-9] WARN  o.s.w.s.m.s.DefaultHandlerExceptionResolver - Resolved [org.springframework.web.HttpMediaTypeNotAcceptableException: Could not find acceptable representation]
11:53:53.039 [http-nio-8080-exec-8] WARN  o.s.w.s.m.s.DefaultHandlerExceptionResolver - Resolved [org.springframework.web.HttpMediaTypeNotAcceptableException: Could not find acceptable representation]
11:55:58.035 [http-nio-8080-exec-10] WARN  o.s.w.s.m.s.DefaultHandlerExceptionResolver - Resolved [org.springframework.web.HttpMediaTypeNotAcceptableException: Could not find acceptable representation]
11:57:14.030 [http-nio-8080-exec-10] WARN  o.s.w.s.s.t.h.DefaultSockJsService - Origin check enabled but transport 'jsonp' does not support it.
12:00:10.054 [http-nio-8080-exec-5] WARN  o.s.w.s.m.s.DefaultHandlerExceptionResolver - Resolved [org.springframework.web.HttpMediaTypeNotAcceptableException: Could not find acceptable representation]
12:03:32.027 [http-nio-8080-exec-2] WARN  o.s.w.s.s.t.h.DefaultSockJsService - Origin check enabled but transport 'jsonp' does not support it.
12:06:28.033 [http-nio-8080-exec-3] WARN  o.s.w.s.m.s.DefaultHandlerExceptionResolver - Resolved [org.springframework.web.HttpMediaTypeNotAcceptableException: Could not find acceptable representation]
12:08:33.055 [http-nio-8080-exec-1] WARN  o.s.w.s.m.s.DefaultHandlerExceptionResolver - Resolved [org.springframework.web.HttpMediaTypeNotAcceptableException: Could not find acceptable representation]
12:10:38.070 [http-nio-8080-exec-6] WARN  o.s.w.s.m.s.DefaultHandlerExceptionResolver - Resolved [org.springframework.web.HttpMediaTypeNotAcceptableException: Could not find acceptable representation]
12:12:43.043 [http-nio-8080-exec-2] WARN  o.s.w.s.m.s.DefaultHandlerExceptionResolver - Resolved [org.springframework.web.HttpMediaTypeNotAcceptableException: Could not find acceptable representation]
12:14:48.034 [http-nio-8080-exec-8] WARN  o.s.w.s.m.s.DefaultHandlerExceptionResolver - Resolved [org.springframework.web.HttpMediaTypeNotAcceptableException: Could not find acceptable representation]
12:15:58.647 [MessageBroker-4] INFO  o.s.w.s.c.WebSocketMessageBrokerStats - WebSocketSession[3 current WS(0)-HttpStream(3)-HttpPoll(0), 15 total, 0 closed abnormally (0 connect failure, 0 send limit, 0 transport error)], stompSubProtocol[processed CONNECT(0)-CONNECTED(0)-DISCONNECT(0)], stompBrokerRelay[null], inboundChannel[pool size = 0, active threads = 0, queued tasks = 0, completed tasks = 36], outboundChannel[pool size = 0, active threads = 0, queued tasks = 0, completed tasks = 12], sockJsScheduler[pool size = 4, active threads = 1, queued tasks = 4, completed tasks = 516]
12:16:53.038 [http-nio-8080-exec-10] WARN  o.s.w.s.m.s.DefaultHandlerExceptionResolver - Resolved [org.springframework.web.HttpMediaTypeNotAcceptableException: Could not find acceptable representation]
12:18:58.038 [http-nio-8080-exec-7] WARN  o.s.w.s.m.s.DefaultHandlerExceptionResolver - Resolved [org.springframework.web.HttpMediaTypeNotAcceptableException: Could not find acceptable representation]
12:21:03.037 [http-nio-8080-exec-3] WARN  o.s.w.s.m.s.DefaultHandlerExceptionResolver - Resolved [org.springframework.web.HttpMediaTypeNotAcceptableException: Could not find acceptable representation]
12:23:08.038 [http-nio-8080-exec-1] WARN  o.s.w.s.m.s.DefaultHandlerExceptionResolver - Resolved [org.springframework.web.HttpMediaTypeNotAcceptableException: Could not find acceptable representation]
12:27:18.035 [http-nio-8080-exec-9] WARN  o.s.w.s.m.s.DefaultHandlerExceptionResolver - Resolved [org.springframework.web.HttpMediaTypeNotAcceptableException: Could not find acceptable representation]
12:29:23.044 [http-nio-8080-exec-3] WARN  o.s.w.s.m.s.DefaultHandlerExceptionResolver - Resolved [org.springframework.web.HttpMediaTypeNotAcceptableException: Could not find acceptable representation]
12:31:28.037 [http-nio-8080-exec-1] WARN  o.s.w.s.m.s.DefaultHandlerExceptionResolver - Resolved [org.springframework.web.HttpMediaTypeNotAcceptableException: Could not find acceptable representation]
12:33:33.037 [http-nio-8080-exec-6] WARN  o.s.w.s.m.s.DefaultHandlerExceptionResolver - Resolved [org.springframework.web.HttpMediaTypeNotAcceptableException: Could not find acceptable representation]
12:35:38.033 [http-nio-8080-exec-2] WARN  o.s.w.s.m.s.DefaultHandlerExceptionResolver - Resolved [org.springframework.web.HttpMediaTypeNotAcceptableException: Could not find acceptable representation]
12:37:43.037 [http-nio-8080-exec-8] WARN  o.s.w.s.m.s.DefaultHandlerExceptionResolver - Resolved [org.springframework.web.HttpMediaTypeNotAcceptableException: Could not find acceptable representation]
12:39:48.037 [http-nio-8080-exec-10] WARN  o.s.w.s.m.s.DefaultHandlerExceptionResolver - Resolved [org.springframework.web.HttpMediaTypeNotAcceptableException: Could not find acceptable representation]
12:41:05.030 [http-nio-8080-exec-5] WARN  o.s.w.s.s.t.h.DefaultSockJsService - Origin check enabled but transport 'jsonp' does not support it.
12:44:01.045 [http-nio-8080-exec-6] WARN  o.s.w.s.m.s.DefaultHandlerExceptionResolver - Resolved [org.springframework.web.HttpMediaTypeNotAcceptableException: Could not find acceptable representation]
12:45:58.648 [MessageBroker-3] INFO  o.s.w.s.c.WebSocketMessageBrokerStats - WebSocketSession[5 current WS(0)-HttpStream(5)-HttpPoll(0), 30 total, 0 closed abnormally (0 connect failure, 0 send limit, 0 transport error)], stompSubProtocol[processed CONNECT(0)-CONNECTED(0)-DISCONNECT(0)], stompBrokerRelay[null], inboundChannel[pool size = 0, active threads = 0, queued tasks = 0, completed tasks = 75], outboundChannel[pool size = 0, active threads = 0, queued tasks = 0, completed tasks = 25], sockJsScheduler[pool size = 4, active threads = 1, queued tasks = 6, completed tasks = 1131]
12:46:06.033 [http-nio-8080-exec-2] WARN  o.s.w.s.m.s.DefaultHandlerExceptionResolver - Resolved [org.springframework.web.HttpMediaTypeNotAcceptableException: Could not find acceptable representation]
12:48:11.043 [http-nio-8080-exec-4] WARN  o.s.w.s.m.s.DefaultHandlerExceptionResolver - Resolved [org.springframework.web.HttpMediaTypeNotAcceptableException: Could not find acceptable representation]
12:50:16.038 [http-nio-8080-exec-5] WARN  o.s.w.s.m.s.DefaultHandlerExceptionResolver - Resolved [org.springframework.web.HttpMediaTypeNotAcceptableException: Could not find acceptable representation]
12:52:21.045 [http-nio-8080-exec-7] WARN  o.s.w.s.m.s.DefaultHandlerExceptionResolver - Resolved [org.springframework.web.HttpMediaTypeNotAcceptableException: Could not find acceptable representation]
12:54:26.035 [http-nio-8080-exec-3] WARN  o.s.w.s.m.s.DefaultHandlerExceptionResolver - Resolved [org.springframework.web.HttpMediaTypeNotAcceptableException: Could not find acceptable representation]
12:56:31.039 [http-nio-8080-exec-1] WARN  o.s.w.s.m.s.DefaultHandlerExceptionResolver - Resolved [org.springframework.web.HttpMediaTypeNotAcceptableException: Could not find acceptable representation]
12:58:36.043 [http-nio-8080-exec-6] WARN  o.s.w.s.m.s.DefaultHandlerExceptionResolver - Resolved [org.springframework.web.HttpMediaTypeNotAcceptableException: Could not find acceptable representation]
13:00:41.039 [http-nio-8080-exec-9] WARN  o.s.w.s.m.s.DefaultHandlerExceptionResolver - Resolved [org.springframework.web.HttpMediaTypeNotAcceptableException: Could not find acceptable representation]
13:02:46.035 [http-nio-8080-exec-8] WARN  o.s.w.s.m.s.DefaultHandlerExceptionResolver - Resolved [org.springframework.web.HttpMediaTypeNotAcceptableException: Could not find acceptable representation]
13:04:51.034 [http-nio-8080-exec-10] WARN  o.s.w.s.m.s.DefaultHandlerExceptionResolver - Resolved [org.springframework.web.HttpMediaTypeNotAcceptableException: Could not find acceptable representation]
13:06:56.037 [http-nio-8080-exec-7] WARN  o.s.w.s.m.s.DefaultHandlerExceptionResolver - Resolved [org.springframework.web.HttpMediaTypeNotAcceptableException: Could not find acceptable representation]
13:09:01.044 [http-nio-8080-exec-3] WARN  o.s.w.s.m.s.DefaultHandlerExceptionResolver - Resolved [org.springframework.web.HttpMediaTypeNotAcceptableException: Could not find acceptable representation]
13:11:06.035 [http-nio-8080-exec-4] WARN  o.s.w.s.m.s.DefaultHandlerExceptionResolver - Resolved [org.springframework.web.HttpMediaTypeNotAcceptableException: Could not find acceptable representation]
13:13:11.034 [http-nio-8080-exec-10] WARN  o.s.w.s.m.s.DefaultHandlerExceptionResolver - Resolved [org.springframework.web.HttpMediaTypeNotAcceptableException: Could not find acceptable representation]
13:15:16.035 [http-nio-8080-exec-6] WARN  o.s.w.s.m.s.DefaultHandlerExceptionResolver - Resolved [org.springframework.web.HttpMediaTypeNotAcceptableException: Could not find acceptable representation]
13:15:58.646 [MessageBroker-4] INFO  o.s.w.s.c.WebSocketMessageBrokerStats - WebSocketSession[4 current WS(0)-HttpStream(4)-HttpPoll(0), 44 total, 0 closed abnormally (0 connect failure, 0 send limit, 0 transport error)], stompSubProtocol[processed CONNECT(0)-CONNECTED(0)-DISCONNECT(0)], stompBrokerRelay[null], inboundChannel[pool size = 3, active threads = 0, queued tasks = 0, completed tasks = 120], outboundChannel[pool size = 1, active threads = 0, queued tasks = 0, completed tasks = 40], sockJsScheduler[pool size = 4, active threads = 1, queued tasks = 5, completed tasks = 1809]
13:17:21.034 [http-nio-8080-exec-9] WARN  o.s.w.s.m.s.DefaultHandlerExceptionResolver - Resolved [org.springframework.web.HttpMediaTypeNotAcceptableException: Could not find acceptable representation]
13:19:26.040 [http-nio-8080-exec-8] WARN  o.s.w.s.m.s.DefaultHandlerExceptionResolver - Resolved [org.springframework.web.HttpMediaTypeNotAcceptableException: Could not find acceptable representation]
13:21:31.102 [http-nio-8080-exec-1] WARN  o.s.w.s.m.s.DefaultHandlerExceptionResolver - Resolved [org.springframework.web.HttpMediaTypeNotAcceptableException: Could not find acceptable representation]
13:23:36.047 [http-nio-8080-exec-6] WARN  o.s.w.s.m.s.DefaultHandlerExceptionResolver - Resolved [org.springframework.web.HttpMediaTypeNotAcceptableException: Could not find acceptable representation]
13:25:41.058 [http-nio-8080-exec-9] WARN  o.s.w.s.m.s.DefaultHandlerExceptionResolver - Resolved [org.springframework.web.HttpMediaTypeNotAcceptableException: Could not find acceptable representation]
13:27:46.033 [http-nio-8080-exec-8] WARN  o.s.w.s.m.s.DefaultHandlerExceptionResolver - Resolved [org.springframework.web.HttpMediaTypeNotAcceptableException: Could not find acceptable representation]
13:29:51.040 [http-nio-8080-exec-1] WARN  o.s.w.s.m.s.DefaultHandlerExceptionResolver - Resolved [org.springframework.web.HttpMediaTypeNotAcceptableException: Could not find acceptable representation]
13:31:56.051 [http-nio-8080-exec-6] WARN  o.s.w.s.m.s.DefaultHandlerExceptionResolver - Resolved [org.springframework.web.HttpMediaTypeNotAcceptableException: Could not find acceptable representation]
13:36:06.031 [http-nio-8080-exec-8] WARN  o.s.w.s.m.s.DefaultHandlerExceptionResolver - Resolved [org.springframework.web.HttpMediaTypeNotAcceptableException: Could not find acceptable representation]
13:38:11.038 [http-nio-8080-exec-10] WARN  o.s.w.s.m.s.DefaultHandlerExceptionResolver - Resolved [org.springframework.web.HttpMediaTypeNotAcceptableException: Could not find acceptable representation]
13:40:16.031 [http-nio-8080-exec-6] WARN  o.s.w.s.m.s.DefaultHandlerExceptionResolver - Resolved [org.springframework.web.HttpMediaTypeNotAcceptableException: Could not find acceptable representation]
13:42:21.042 [http-nio-8080-exec-9] WARN  o.s.w.s.m.s.DefaultHandlerExceptionResolver - Resolved [org.springframework.web.HttpMediaTypeNotAcceptableException: Could not find acceptable representation]
13:45:58.647 [MessageBroker-4] INFO  o.s.w.s.c.WebSocketMessageBrokerStats - WebSocketSession[5 current WS(0)-HttpStream(5)-HttpPoll(0), 59 total, 0 closed abnormally (0 connect failure, 0 send limit, 0 transport error)], stompSubProtocol[processed CONNECT(0)-CONNECTED(0)-DISCONNECT(0)], stompBrokerRelay[null], inboundChannel[pool size = 0, active threads = 0, queued tasks = 0, completed tasks = 162], outboundChannel[pool size = 0, active threads = 0, queued tasks = 0, completed tasks = 54], sockJsScheduler[pool size = 4, active threads = 1, queued tasks = 6, completed tasks = 2486]
13:46:31.132 [http-nio-8080-exec-10] WARN  o.s.w.s.m.s.DefaultHandlerExceptionResolver - Resolved [org.springframework.web.HttpMediaTypeNotAcceptableException: Could not find acceptable representation]
13:48:36.030 [http-nio-8080-exec-7] WARN  o.s.w.s.m.s.DefaultHandlerExceptionResolver - Resolved [org.springframework.web.HttpMediaTypeNotAcceptableException: Could not find acceptable representation]
13:50:41.043 [http-nio-8080-exec-2] WARN  o.s.w.s.m.s.DefaultHandlerExceptionResolver - Resolved [org.springframework.web.HttpMediaTypeNotAcceptableException: Could not find acceptable representation]
13:52:46.039 [http-nio-8080-exec-4] WARN  o.s.w.s.m.s.DefaultHandlerExceptionResolver - Resolved [org.springframework.web.HttpMediaTypeNotAcceptableException: Could not find acceptable representation]
13:54:51.038 [http-nio-8080-exec-10] WARN  o.s.w.s.m.s.DefaultHandlerExceptionResolver - Resolved [org.springframework.web.HttpMediaTypeNotAcceptableException: Could not find acceptable representation]
13:59:01.042 [http-nio-8080-exec-2] WARN  o.s.w.s.m.s.DefaultHandlerExceptionResolver - Resolved [org.springframework.web.HttpMediaTypeNotAcceptableException: Could not find acceptable representation]
14:01:06.039 [http-nio-8080-exec-8] WARN  o.s.w.s.m.s.DefaultHandlerExceptionResolver - Resolved [org.springframework.web.HttpMediaTypeNotAcceptableException: Could not find acceptable representation]
14:03:11.053 [http-nio-8080-exec-1] WARN  o.s.w.s.m.s.DefaultHandlerExceptionResolver - Resolved [org.springframework.web.HttpMediaTypeNotAcceptableException: Could not find acceptable representation]
14:03:31.433 [http-nio-8080-exec-8] WARN  o.s.w.s.s.t.h.DefaultSockJsService - Sending Method Not Allowed (405)
14:04:40.530 [http-nio-8080-exec-5] WARN  o.s.w.s.m.s.DefaultHandlerExceptionResolver - Resolved [org.springframework.web.HttpMediaTypeNotAcceptableException: Could not find acceptable representation]
14:04:42.463 [http-nio-8080-exec-10] WARN  o.s.w.s.m.s.DefaultHandlerExceptionResolver - Resolved [org.springframework.web.HttpMediaTypeNotAcceptableException: Could not find acceptable representation]
14:04:45.441 [http-nio-8080-exec-1] WARN  o.s.w.s.m.s.DefaultHandlerExceptionResolver - Resolved [org.springframework.web.HttpMediaTypeNotAcceptableException: Could not find acceptable representation]
14:04:48.368 [http-nio-8080-exec-4] WARN  o.s.w.s.m.s.DefaultHandlerExceptionResolver - Resolved [org.springframework.web.HttpMediaTypeNotAcceptableException: Could not find acceptable representation]
14:05:03.801 [http-nio-8080-exec-8] WARN  o.s.w.s.m.s.DefaultHandlerExceptionResolver - Resolved [org.springframework.web.HttpMediaTypeNotAcceptableException: Could not find acceptable representation]
14:10:07.270 [http-nio-8080-exec-2] WARN  o.s.w.s.s.t.h.DefaultSockJsService - Sending Method Not Allowed (405)
14:11:06.657 [http-nio-8080-exec-7] WARN  o.s.w.s.m.s.DefaultHandlerExceptionResolver - Resolved [org.springframework.web.HttpMediaTypeNotAcceptableException: Could not find acceptable representation]
14:11:12.844 [http-nio-8080-exec-6] WARN  o.s.w.s.m.s.DefaultHandlerExceptionResolver - Resolved [org.springframework.web.HttpMediaTypeNotAcceptableException: Could not find acceptable representation]
14:13:12.889 [http-nio-8080-exec-9] WARN  o.s.w.s.m.s.DefaultHandlerExceptionResolver - Resolved [org.springframework.web.HttpMediaTypeNotAcceptableException: Could not find acceptable representation]
14:14:34.776 [http-nio-8080-exec-5] WARN  o.s.w.s.m.s.DefaultHandlerExceptionResolver - Resolved [org.springframework.web.HttpMediaTypeNotAcceptableException: Could not find acceptable representation]
14:14:37.641 [http-nio-8080-exec-9] WARN  o.s.w.s.m.s.DefaultHandlerExceptionResolver - Resolved [org.springframework.web.HttpMediaTypeNotAcceptableException: Could not find acceptable representation]
14:15:58.647 [MessageBroker-2] INFO  o.s.w.s.c.WebSocketMessageBrokerStats - WebSocketSession[1 current WS(0)-HttpStream(1)-HttpPoll(0), 74 total, 0 closed abnormally (0 connect failure, 0 send limit, 0 transport error)], stompSubProtocol[processed CONNECT(0)-CONNECTED(0)-DISCONNECT(0)], stompBrokerRelay[null], inboundChannel[pool size = 0, active threads = 0, queued tasks = 0, completed tasks = 219], outboundChannel[pool size = 0, active threads = 0, queued tasks = 0, completed tasks = 73], sockJsScheduler[pool size = 4, active threads = 1, queued tasks = 2, completed tasks = 3059]
14:16:40.036 [http-nio-8080-exec-1] WARN  o.s.w.s.m.s.DefaultHandlerExceptionResolver - Resolved [org.springframework.web.HttpMediaTypeNotAcceptableException: Could not find acceptable representation]
14:18:19.294 [main] INFO  com.yijiankang.RedisdemoApplication - Starting RedisdemoApplication on LAPTOP-F5IOUFVB with PID 12900 (D:\mytest\target\classes started by Mr in D:\mytest)
14:18:19.296 [main] INFO  com.yijiankang.RedisdemoApplication - No active profile set, falling back to default profiles: default
14:18:20.234 [main] INFO  o.s.d.r.c.RepositoryConfigurationDelegate - Multiple Spring Data modules found, entering strict repository configuration mode!
14:18:20.236 [main] INFO  o.s.d.r.c.RepositoryConfigurationDelegate - Bootstrapping Spring Data repositories in DEFAULT mode.
14:18:20.262 [main] INFO  o.s.d.r.c.RepositoryConfigurationDelegate - Finished Spring Data repository scanning in 15ms. Found 0 repository interfaces.
14:18:20.867 [main] INFO  o.s.b.w.e.tomcat.TomcatWebServer - Tomcat initialized with port(s): 8080 (http)
14:18:20.879 [main] INFO  o.a.coyote.http11.Http11NioProtocol - Initializing ProtocolHandler ["http-nio-8080"]
14:18:20.886 [main] INFO  o.a.catalina.core.StandardService - Starting service [Tomcat]
14:18:20.886 [main] INFO  o.a.catalina.core.StandardEngine - Starting Servlet engine: [Apache Tomcat/9.0.19]
14:18:21.062 [main] INFO  o.a.c.c.C.[Tomcat].[localhost].[/] - Initializing Spring embedded WebApplicationContext
14:18:21.063 [main] INFO  o.s.web.context.ContextLoader - Root WebApplicationContext: initialization completed in 1731 ms
14:18:21.418 [main] INFO  o.s.s.c.ThreadPoolTaskExecutor - Initializing ExecutorService 'clientInboundChannelExecutor'
14:18:21.422 [main] INFO  o.s.s.c.ThreadPoolTaskExecutor - Initializing ExecutorService 'clientOutboundChannelExecutor'
14:18:21.750 [main] INFO  s.d.s.w.PropertySourcedRequestMappingHandlerMapping - Mapped URL path [/v2/api-docs] onto method [public org.springframework.http.ResponseEntity<springfox.documentation.spring.web.json.Json> springfox.documentation.swagger2.web.Swagger2Controller.getDocumentation(java.lang.String,javax.servlet.http.HttpServletRequest)]
14:18:21.763 [main] INFO  o.s.s.c.ThreadPoolTaskScheduler - Initializing ExecutorService 'messageBrokerTaskScheduler'
14:18:21.786 [main] INFO  o.s.s.c.ThreadPoolTaskExecutor - Initializing ExecutorService 'brokerChannelExecutor'
14:18:22.075 [main] INFO  s.d.s.w.p.DocumentationPluginsBootstrapper - Context refreshed
14:18:22.089 [main] INFO  s.d.s.w.p.DocumentationPluginsBootstrapper - Found 1 custom documentation plugin(s)
14:18:22.115 [main] INFO  s.d.s.w.s.ApiListingReferenceScanner - Scanning for api listing references
14:18:22.262 [main] INFO  o.s.m.s.b.SimpleBrokerMessageHandler - Starting...
14:18:22.262 [main] INFO  o.s.m.s.b.SimpleBrokerMessageHandler - BrokerAvailabilityEvent[available=true, SimpleBrokerMessageHandler [DefaultSubscriptionRegistry[cache[0 destination(s)], registry[0 sessions]]]]
14:18:22.263 [main] INFO  o.s.m.s.b.SimpleBrokerMessageHandler - Started.
14:18:22.270 [main] INFO  o.a.coyote.http11.Http11NioProtocol - Starting ProtocolHandler ["http-nio-8080"]
14:18:22.322 [main] INFO  o.s.b.w.e.tomcat.TomcatWebServer - Tomcat started on port(s): 8080 (http) with context path ''
14:18:22.325 [main] INFO  com.yijiankang.RedisdemoApplication - Started RedisdemoApplication in 3.298 seconds (JVM running for 4.669)
14:18:28.752 [http-nio-8080-exec-1] INFO  o.a.c.c.C.[Tomcat].[localhost].[/] - Initializing Spring DispatcherServlet 'dispatcherServlet'
14:18:28.752 [http-nio-8080-exec-1] INFO  o.s.web.servlet.DispatcherServlet - Initializing Servlet 'dispatcherServlet'
14:18:28.758 [http-nio-8080-exec-1] INFO  o.s.web.servlet.DispatcherServlet - Completed initialization in 5 ms
14:19:21.784 [MessageBroker-1] INFO  o.s.w.s.c.WebSocketMessageBrokerStats - WebSocketSession[0 current WS(0)-HttpStream(0)-HttpPoll(0), 0 total, 0 closed abnormally (0 connect failure, 0 send limit, 0 transport error)], stompSubProtocol[processed CONNECT(0)-CONNECTED(0)-DISCONNECT(0)], stompBrokerRelay[null], inboundChannel[pool size = 0, active threads = 0, queued tasks = 0, completed tasks = 0], outboundChannel[pool size = 0, active threads = 0, queued tasks = 0, completed tasks = 0], sockJsScheduler[pool size = 1, active threads = 1, queued tasks = 0, completed tasks = 0]
14:49:21.786 [MessageBroker-1] INFO  o.s.w.s.c.WebSocketMessageBrokerStats - WebSocketSession[0 current WS(0)-HttpStream(0)-HttpPoll(0), 0 total, 0 closed abnormally (0 connect failure, 0 send limit, 0 transport error)], stompSubProtocol[processed CONNECT(0)-CONNECTED(0)-DISCONNECT(0)], stompBrokerRelay[null], inboundChannel[pool size = 0, active threads = 0, queued tasks = 0, completed tasks = 0], outboundChannel[pool size = 0, active threads = 0, queued tasks = 0, completed tasks = 0], sockJsScheduler[pool size = 2, active threads = 1, queued tasks = 0, completed tasks = 1]
14:56:57.560 [main] INFO  com.yijiankang.RedisdemoApplication - Starting RedisdemoApplication on LAPTOP-F5IOUFVB with PID 7056 (D:\mytest\target\classes started by Mr in D:\mytest)
14:56:57.562 [main] INFO  com.yijiankang.RedisdemoApplication - No active profile set, falling back to default profiles: default
14:56:58.429 [main] INFO  o.s.d.r.c.RepositoryConfigurationDelegate - Multiple Spring Data modules found, entering strict repository configuration mode!
14:56:58.431 [main] INFO  o.s.d.r.c.RepositoryConfigurationDelegate - Bootstrapping Spring Data repositories in DEFAULT mode.
14:56:58.471 [main] INFO  o.s.d.r.c.RepositoryConfigurationDelegate - Finished Spring Data repository scanning in 17ms. Found 0 repository interfaces.
14:56:59.036 [main] INFO  o.s.b.w.e.tomcat.TomcatWebServer - Tomcat initialized with port(s): 8080 (http)
14:56:59.055 [main] INFO  o.a.coyote.http11.Http11NioProtocol - Initializing ProtocolHandler ["http-nio-8080"]
14:56:59.067 [main] INFO  o.a.catalina.core.StandardService - Starting service [Tomcat]
14:56:59.067 [main] INFO  o.a.catalina.core.StandardEngine - Starting Servlet engine: [Apache Tomcat/9.0.19]
14:56:59.230 [main] INFO  o.a.c.c.C.[Tomcat].[localhost].[/] - Initializing Spring embedded WebApplicationContext
14:56:59.231 [main] INFO  o.s.web.context.ContextLoader - Root WebApplicationContext: initialization completed in 1621 ms
14:56:59.507 [main] INFO  o.s.s.c.ThreadPoolTaskExecutor - Initializing ExecutorService 'clientInboundChannelExecutor'
14:56:59.511 [main] INFO  o.s.s.c.ThreadPoolTaskExecutor - Initializing ExecutorService 'clientOutboundChannelExecutor'
14:56:59.884 [main] INFO  s.d.s.w.PropertySourcedRequestMappingHandlerMapping - Mapped URL path [/v2/api-docs] onto method [public org.springframework.http.ResponseEntity<springfox.documentation.spring.web.json.Json> springfox.documentation.swagger2.web.Swagger2Controller.getDocumentation(java.lang.String,javax.servlet.http.HttpServletRequest)]
14:56:59.897 [main] INFO  o.s.s.c.ThreadPoolTaskScheduler - Initializing ExecutorService 'messageBrokerTaskScheduler'
14:56:59.928 [main] INFO  o.s.s.c.ThreadPoolTaskExecutor - Initializing ExecutorService 'brokerChannelExecutor'
14:57:00.233 [main] INFO  s.d.s.w.p.DocumentationPluginsBootstrapper - Context refreshed
14:57:00.247 [main] INFO  s.d.s.w.p.DocumentationPluginsBootstrapper - Found 1 custom documentation plugin(s)
14:57:00.274 [main] INFO  s.d.s.w.s.ApiListingReferenceScanner - Scanning for api listing references
14:57:00.406 [main] INFO  o.s.m.s.b.SimpleBrokerMessageHandler - Starting...
14:57:00.407 [main] INFO  o.s.m.s.b.SimpleBrokerMessageHandler - BrokerAvailabilityEvent[available=true, SimpleBrokerMessageHandler [DefaultSubscriptionRegistry[cache[0 destination(s)], registry[0 sessions]]]]
14:57:00.407 [main] INFO  o.s.m.s.b.SimpleBrokerMessageHandler - Started.
14:57:00.414 [main] INFO  o.a.coyote.http11.Http11NioProtocol - Starting ProtocolHandler ["http-nio-8080"]
14:57:00.435 [main] INFO  o.s.b.w.e.tomcat.TomcatWebServer - Tomcat started on port(s): 8080 (http) with context path ''
14:57:00.438 [main] INFO  com.yijiankang.RedisdemoApplication - Started RedisdemoApplication in 3.179 seconds (JVM running for 4.139)
14:57:24.468 [http-nio-8080-exec-1] INFO  o.a.c.c.C.[Tomcat].[localhost].[/] - Initializing Spring DispatcherServlet 'dispatcherServlet'
14:57:24.468 [http-nio-8080-exec-1] INFO  o.s.web.servlet.DispatcherServlet - Initializing Servlet 'dispatcherServlet'
14:57:24.473 [http-nio-8080-exec-1] INFO  o.s.web.servlet.DispatcherServlet - Completed initialization in 5 ms
14:57:59.929 [MessageBroker-1] INFO  o.s.w.s.c.WebSocketMessageBrokerStats - WebSocketSession[1 current WS(0)-HttpStream(1)-HttpPoll(0), 1 total, 0 closed abnormally (0 connect failure, 0 send limit, 0 transport error)], stompSubProtocol[processed CONNECT(0)-CONNECTED(0)-DISCONNECT(0)], stompBrokerRelay[null], inboundChannel[pool size = 0, active threads = 0, queued tasks = 0, completed tasks = 0], outboundChannel[pool size = 0, active threads = 0, queued tasks = 0, completed tasks = 0], sockJsScheduler[pool size = 4, active threads = 1, queued tasks = 2, completed tasks = 9]
14:58:14.557 [http-nio-8080-exec-6] WARN  o.s.w.s.m.s.DefaultHandlerExceptionResolver - Resolved [org.springframework.web.HttpMediaTypeNotAcceptableException: Could not find acceptable representation]
15:00:14.592 [http-nio-8080-exec-3] WARN  o.s.w.s.m.s.DefaultHandlerExceptionResolver - Resolved [org.springframework.web.HttpMediaTypeNotAcceptableException: Could not find acceptable representation]
15:02:17.037 [http-nio-8080-exec-1] WARN  o.s.w.s.m.s.DefaultHandlerExceptionResolver - Resolved [org.springframework.web.HttpMediaTypeNotAcceptableException: Could not find acceptable representation]
15:04:22.045 [http-nio-8080-exec-8] WARN  o.s.w.s.m.s.DefaultHandlerExceptionResolver - Resolved [org.springframework.web.HttpMediaTypeNotAcceptableException: Could not find acceptable representation]
15:05:38.030 [http-nio-8080-exec-8] WARN  o.s.w.s.s.t.h.DefaultSockJsService - Origin check enabled but transport 'jsonp' does not support it.
15:08:34.042 [http-nio-8080-exec-7] WARN  o.s.w.s.m.s.DefaultHandlerExceptionResolver - Resolved [org.springframework.web.HttpMediaTypeNotAcceptableException: Could not find acceptable representation]
15:09:46.060 [http-nio-8080-exec-2] WARN  o.s.w.s.m.s.DefaultHandlerExceptionResolver - Resolved [org.springframework.web.HttpMediaTypeNotAcceptableException: Could not find acceptable representation]
15:10:06.217 [http-nio-8080-exec-1] WARN  o.s.w.s.m.s.DefaultHandlerExceptionResolver - Resolved [org.springframework.web.HttpMediaTypeNotAcceptableException: Could not find acceptable representation]
15:10:09.302 [http-nio-8080-exec-3] WARN  o.s.w.s.m.s.DefaultHandlerExceptionResolver - Resolved [org.springframework.web.HttpMediaTypeNotAcceptableException: Could not find acceptable representation]
15:12:12.037 [http-nio-8080-exec-5] WARN  o.s.w.s.m.s.DefaultHandlerExceptionResolver - Resolved [org.springframework.web.HttpMediaTypeNotAcceptableException: Could not find acceptable representation]
15:12:31.394 [http-nio-8080-exec-6] WARN  o.s.w.s.m.s.DefaultHandlerExceptionResolver - Resolved [org.springframework.web.HttpMediaTypeNotAcceptableException: Could not find acceptable representation]
15:18:44.040 [http-nio-8080-exec-7] WARN  o.s.w.s.m.s.DefaultHandlerExceptionResolver - Resolved [org.springframework.web.HttpMediaTypeNotAcceptableException: Could not find acceptable representation]
15:20:49.036 [http-nio-8080-exec-4] WARN  o.s.w.s.m.s.DefaultHandlerExceptionResolver - Resolved [org.springframework.web.HttpMediaTypeNotAcceptableException: Could not find acceptable representation]
15:22:54.037 [http-nio-8080-exec-2] WARN  o.s.w.s.m.s.DefaultHandlerExceptionResolver - Resolved [org.springframework.web.HttpMediaTypeNotAcceptableException: Could not find acceptable representation]
15:24:59.031 [http-nio-8080-exec-8] WARN  o.s.w.s.m.s.DefaultHandlerExceptionResolver - Resolved [org.springframework.web.HttpMediaTypeNotAcceptableException: Could not find acceptable representation]
15:27:04.036 [http-nio-8080-exec-5] WARN  o.s.w.s.m.s.DefaultHandlerExceptionResolver - Resolved [org.springframework.web.HttpMediaTypeNotAcceptableException: Could not find acceptable representation]
15:27:59.928 [MessageBroker-4] INFO  o.s.w.s.c.WebSocketMessageBrokerStats - WebSocketSession[0 current WS(0)-HttpStream(0)-HttpPoll(0), 17 total, 0 closed abnormally (0 connect failure, 0 send limit, 0 transport error)], stompSubProtocol[processed CONNECT(0)-CONNECTED(0)-DISCONNECT(0)], stompBrokerRelay[null], inboundChannel[pool size = 3, active threads = 0, queued tasks = 0, completed tasks = 51], outboundChannel[pool size = 1, active threads = 0, queued tasks = 0, completed tasks = 17], sockJsScheduler[pool size = 4, active threads = 1, queued tasks = 1, completed tasks = 411]
15:29:09.038 [http-nio-8080-exec-3] WARN  o.s.w.s.m.s.DefaultHandlerExceptionResolver - Resolved [org.springframework.web.HttpMediaTypeNotAcceptableException: Could not find acceptable representation]
15:33:19.046 [http-nio-8080-exec-7] WARN  o.s.w.s.m.s.DefaultHandlerExceptionResolver - Resolved [org.springframework.web.HttpMediaTypeNotAcceptableException: Could not find acceptable representation]
15:34:35.037 [http-nio-8080-exec-6] WARN  o.s.w.s.s.t.h.DefaultSockJsService - Origin check enabled but transport 'jsonp' does not support it.
15:37:31.034 [http-nio-8080-exec-5] WARN  o.s.w.s.m.s.DefaultHandlerExceptionResolver - Resolved [org.springframework.web.HttpMediaTypeNotAcceptableException: Could not find acceptable representation]
15:39:36.072 [http-nio-8080-exec-1] WARN  o.s.w.s.m.s.DefaultHandlerExceptionResolver - Resolved [org.springframework.web.HttpMediaTypeNotAcceptableException: Could not find acceptable representation]
15:41:41.033 [http-nio-8080-exec-9] WARN  o.s.w.s.m.s.DefaultHandlerExceptionResolver - Resolved [org.springframework.web.HttpMediaTypeNotAcceptableException: Could not find acceptable representation]
15:43:46.033 [http-nio-8080-exec-6] WARN  o.s.w.s.m.s.DefaultHandlerExceptionResolver - Resolved [org.springframework.web.HttpMediaTypeNotAcceptableException: Could not find acceptable representation]
15:45:51.035 [http-nio-8080-exec-3] WARN  o.s.w.s.m.s.DefaultHandlerExceptionResolver - Resolved [org.springframework.web.HttpMediaTypeNotAcceptableException: Could not find acceptable representation]
15:47:56.034 [http-nio-8080-exec-2] WARN  o.s.w.s.m.s.DefaultHandlerExceptionResolver - Resolved [org.springframework.web.HttpMediaTypeNotAcceptableException: Could not find acceptable representation]
15:50:01.035 [http-nio-8080-exec-9] WARN  o.s.w.s.m.s.DefaultHandlerExceptionResolver - Resolved [org.springframework.web.HttpMediaTypeNotAcceptableException: Could not find acceptable representation]
15:52:06.251 [http-nio-8080-exec-7] WARN  o.s.w.s.m.s.DefaultHandlerExceptionResolver - Resolved [org.springframework.web.HttpMediaTypeNotAcceptableException: Could not find acceptable representation]
15:54:11.042 [http-nio-8080-exec-4] WARN  o.s.w.s.m.s.DefaultHandlerExceptionResolver - Resolved [org.springframework.web.HttpMediaTypeNotAcceptableException: Could not find acceptable representation]
15:55:28.029 [http-nio-8080-exec-3] WARN  o.s.w.s.s.t.h.DefaultSockJsService - Origin check enabled but transport 'jsonp' does not support it.
15:57:59.927 [MessageBroker-2] INFO  o.s.w.s.c.WebSocketMessageBrokerStats - WebSocketSession[3 current WS(0)-HttpStream(3)-HttpPoll(0), 32 total, 0 closed abnormally (0 connect failure, 0 send limit, 0 transport error)], stompSubProtocol[processed CONNECT(0)-CONNECTED(0)-DISCONNECT(0)], stompBrokerRelay[null], inboundChannel[pool size = 0, active threads = 0, queued tasks = 0, completed tasks = 87], outboundChannel[pool size = 0, active threads = 0, queued tasks = 0, completed tasks = 29], sockJsScheduler[pool size = 4, active threads = 1, queued tasks = 4, completed tasks = 859]
15:58:24.036 [http-nio-8080-exec-1] WARN  o.s.w.s.m.s.DefaultHandlerExceptionResolver - Resolved [org.springframework.web.HttpMediaTypeNotAcceptableException: Could not find acceptable representation]
16:00:29.041 [http-nio-8080-exec-9] WARN  o.s.w.s.m.s.DefaultHandlerExceptionResolver - Resolved [org.springframework.web.HttpMediaTypeNotAcceptableException: Could not find acceptable representation]
16:02:34.052 [http-nio-8080-exec-7] WARN  o.s.w.s.m.s.DefaultHandlerExceptionResolver - Resolved [org.springframework.web.HttpMediaTypeNotAcceptableException: Could not find acceptable representation]
16:04:39.033 [http-nio-8080-exec-3] WARN  o.s.w.s.m.s.DefaultHandlerExceptionResolver - Resolved [org.springframework.web.HttpMediaTypeNotAcceptableException: Could not find acceptable representation]
16:06:44.035 [http-nio-8080-exec-2] WARN  o.s.w.s.m.s.DefaultHandlerExceptionResolver - Resolved [org.springframework.web.HttpMediaTypeNotAcceptableException: Could not find acceptable representation]
16:08:49.033 [http-nio-8080-exec-9] WARN  o.s.w.s.m.s.DefaultHandlerExceptionResolver - Resolved [org.springframework.web.HttpMediaTypeNotAcceptableException: Could not find acceptable representation]
16:10:54.035 [http-nio-8080-exec-7] WARN  o.s.w.s.m.s.DefaultHandlerExceptionResolver - Resolved [org.springframework.web.HttpMediaTypeNotAcceptableException: Could not find acceptable representation]
16:12:59.037 [http-nio-8080-exec-4] WARN  o.s.w.s.m.s.DefaultHandlerExceptionResolver - Resolved [org.springframework.web.HttpMediaTypeNotAcceptableException: Could not find acceptable representation]
16:15:04.035 [http-nio-8080-exec-2] WARN  o.s.w.s.m.s.DefaultHandlerExceptionResolver - Resolved [org.springframework.web.HttpMediaTypeNotAcceptableException: Could not find acceptable representation]
16:17:09.035 [http-nio-8080-exec-9] WARN  o.s.w.s.m.s.DefaultHandlerExceptionResolver - Resolved [org.springframework.web.HttpMediaTypeNotAcceptableException: Could not find acceptable representation]
16:19:14.037 [http-nio-8080-exec-7] WARN  o.s.w.s.m.s.DefaultHandlerExceptionResolver - Resolved [org.springframework.web.HttpMediaTypeNotAcceptableException: Could not find acceptable representation]
16:20:30.039 [http-nio-8080-exec-6] WARN  o.s.w.s.s.t.h.DefaultSockJsService - Origin check enabled but transport 'jsonp' does not support it.
16:23:26.037 [http-nio-8080-exec-5] WARN  o.s.w.s.m.s.DefaultHandlerExceptionResolver - Resolved [org.springframework.web.HttpMediaTypeNotAcceptableException: Could not find acceptable representation]
16:25:31.083 [http-nio-8080-exec-3] WARN  o.s.w.s.m.s.DefaultHandlerExceptionResolver - Resolved [org.springframework.web.HttpMediaTypeNotAcceptableException: Could not find acceptable representation]
16:27:36.044 [http-nio-8080-exec-10] WARN  o.s.w.s.m.s.DefaultHandlerExceptionResolver - Resolved [org.springframework.web.HttpMediaTypeNotAcceptableException: Could not find acceptable representation]
16:27:59.927 [MessageBroker-2] INFO  o.s.w.s.c.WebSocketMessageBrokerStats - WebSocketSession[3 current WS(0)-HttpStream(3)-HttpPoll(0), 46 total, 0 closed abnormally (0 connect failure, 0 send limit, 0 transport error)], stompSubProtocol[processed CONNECT(0)-CONNECTED(0)-DISCONNECT(0)], stompBrokerRelay[null], inboundChannel[pool size = 3, active threads = 0, queued tasks = 0, completed tasks = 129], outboundChannel[pool size = 1, active threads = 0, queued tasks = 0, completed tasks = 43], sockJsScheduler[pool size = 4, active threads = 1, queued tasks = 4, completed tasks = 1409]
16:29:41.035 [http-nio-8080-exec-7] WARN  o.s.w.s.m.s.DefaultHandlerExceptionResolver - Resolved [org.springframework.web.HttpMediaTypeNotAcceptableException: Could not find acceptable representation]
16:31:46.050 [http-nio-8080-exec-5] WARN  o.s.w.s.m.s.DefaultHandlerExceptionResolver - Resolved [org.springframework.web.HttpMediaTypeNotAcceptableException: Could not find acceptable representation]
16:33:51.043 [http-nio-8080-exec-1] WARN  o.s.w.s.m.s.DefaultHandlerExceptionResolver - Resolved [org.springframework.web.HttpMediaTypeNotAcceptableException: Could not find acceptable representation]
16:35:56.038 [http-nio-8080-exec-10] WARN  o.s.w.s.m.s.DefaultHandlerExceptionResolver - Resolved [org.springframework.web.HttpMediaTypeNotAcceptableException: Could not find acceptable representation]
16:38:01.037 [http-nio-8080-exec-7] WARN  o.s.w.s.m.s.DefaultHandlerExceptionResolver - Resolved [org.springframework.web.HttpMediaTypeNotAcceptableException: Could not find acceptable representation]
16:40:06.033 [http-nio-8080-exec-4] WARN  o.s.w.s.m.s.DefaultHandlerExceptionResolver - Resolved [org.springframework.web.HttpMediaTypeNotAcceptableException: Could not find acceptable representation]
16:42:11.036 [http-nio-8080-exec-1] WARN  o.s.w.s.m.s.DefaultHandlerExceptionResolver - Resolved [org.springframework.web.HttpMediaTypeNotAcceptableException: Could not find acceptable representation]
16:44:16.036 [http-nio-8080-exec-9] WARN  o.s.w.s.m.s.DefaultHandlerExceptionResolver - Resolved [org.springframework.web.HttpMediaTypeNotAcceptableException: Could not find acceptable representation]
16:49:42.052 [http-nio-8080-exec-4] WARN  o.s.w.s.s.t.h.DefaultSockJsService - Origin check enabled but transport 'jsonp' does not support it.
16:52:38.028 [http-nio-8080-exec-1] WARN  o.s.w.s.m.s.DefaultHandlerExceptionResolver - Resolved [org.springframework.web.HttpMediaTypeNotAcceptableException: Could not find acceptable representation]
16:54:43.035 [http-nio-8080-exec-10] WARN  o.s.w.s.m.s.DefaultHandlerExceptionResolver - Resolved [org.springframework.web.HttpMediaTypeNotAcceptableException: Could not find acceptable representation]
16:56:48.034 [http-nio-8080-exec-7] WARN  o.s.w.s.m.s.DefaultHandlerExceptionResolver - Resolved [org.springframework.web.HttpMediaTypeNotAcceptableException: Could not find acceptable representation]
16:57:59.929 [MessageBroker-3] INFO  o.s.w.s.c.WebSocketMessageBrokerStats - WebSocketSession[4 current WS(0)-HttpStream(4)-HttpPoll(0), 60 total, 0 closed abnormally (0 connect failure, 0 send limit, 0 transport error)], stompSubProtocol[processed CONNECT(0)-CONNECTED(0)-DISCONNECT(0)], stompBrokerRelay[null], inboundChannel[pool size = 0, active threads = 0, queued tasks = 0, completed tasks = 168], outboundChannel[pool size = 0, active threads = 0, queued tasks = 0, completed tasks = 56], sockJsScheduler[pool size = 4, active threads = 1, queued tasks = 5, completed tasks = 2031]
16:58:04.029 [http-nio-8080-exec-7] WARN  o.s.w.s.s.t.h.DefaultSockJsService - Origin check enabled but transport 'jsonp' does not support it.
17:27:59.929 [MessageBroker-1] INFO  o.s.w.s.c.WebSocketMessageBrokerStats - WebSocketSession[6 current WS(0)-HttpStream(6)-HttpPoll(0), 62 total, 0 closed abnormally (0 connect failure, 0 send limit, 0 transport error)], stompSubProtocol[processed CONNECT(0)-CONNECTED(0)-DISCONNECT(0)], stompBrokerRelay[null], inboundChannel[pool size = 0, active threads = 0, queued tasks = 0, completed tasks = 168], outboundChannel[pool size = 0, active threads = 0, queued tasks = 0, completed tasks = 56], sockJsScheduler[pool size = 4, active threads = 1, queued tasks = 7, completed tasks = 2817]
17:57:59.928 [MessageBroker-4] INFO  o.s.w.s.c.WebSocketMessageBrokerStats - WebSocketSession[6 current WS(0)-HttpStream(6)-HttpPoll(0), 62 total, 0 closed abnormally (0 connect failure, 0 send limit, 0 transport error)], stompSubProtocol[processed CONNECT(0)-CONNECTED(0)-DISCONNECT(0)], stompBrokerRelay[null], inboundChannel[pool size = 0, active threads = 0, queued tasks = 0, completed tasks = 168], outboundChannel[pool size = 0, active threads = 0, queued tasks = 0, completed tasks = 56], sockJsScheduler[pool size = 4, active threads = 1, queued tasks = 7, completed tasks = 3610]
18:18:05.325 [http-nio-8080-exec-4] WARN  o.s.w.s.m.s.DefaultHandlerExceptionResolver - Resolved [org.springframework.web.HttpMediaTypeNotAcceptableException: Could not find acceptable representation]
18:27:59.927 [MessageBroker-3] INFO  o.s.w.s.c.WebSocketMessageBrokerStats - WebSocketSession[6 current WS(0)-HttpStream(6)-HttpPoll(0), 63 total, 0 closed abnormally (0 connect failure, 0 send limit, 0 transport error)], stompSubProtocol[processed CONNECT(0)-CONNECTED(0)-DISCONNECT(0)], stompBrokerRelay[null], inboundChannel[pool size = 0, active threads = 0, queued tasks = 0, completed tasks = 171], outboundChannel[pool size = 0, active threads = 0, queued tasks = 0, completed tasks = 57], sockJsScheduler[pool size = 4, active threads = 1, queued tasks = 7, completed tasks = 4400]
18:57:59.929 [MessageBroker-3] INFO  o.s.w.s.c.WebSocketMessageBrokerStats - WebSocketSession[6 current WS(0)-HttpStream(6)-HttpPoll(0), 63 total, 0 closed abnormally (0 connect failure, 0 send limit, 0 transport error)], stompSubProtocol[processed CONNECT(0)-CONNECTED(0)-DISCONNECT(0)], stompBrokerRelay[null], inboundChannel[pool size = 0, active threads = 0, queued tasks = 0, completed tasks = 171], outboundChannel[pool size = 0, active threads = 0, queued tasks = 0, completed tasks = 57], sockJsScheduler[pool size = 4, active threads = 1, queued tasks = 7, completed tasks = 5193]
19:27:59.927 [MessageBroker-2] INFO  o.s.w.s.c.WebSocketMessageBrokerStats - WebSocketSession[6 current WS(0)-HttpStream(6)-HttpPoll(0), 63 total, 0 closed abnormally (0 connect failure, 0 send limit, 0 transport error)], stompSubProtocol[processed CONNECT(0)-CONNECTED(0)-DISCONNECT(0)], stompBrokerRelay[null], inboundChannel[pool size = 0, active threads = 0, queued tasks = 0, completed tasks = 171], outboundChannel[pool size = 0, active threads = 0, queued tasks = 0, completed tasks = 57], sockJsScheduler[pool size = 4, active threads = 1, queued tasks = 7, completed tasks = 5986]
19:57:59.927 [MessageBroker-1] INFO  o.s.w.s.c.WebSocketMessageBrokerStats - WebSocketSession[6 current WS(0)-HttpStream(6)-HttpPoll(0), 63 total, 0 closed abnormally (0 connect failure, 0 send limit, 0 transport error)], stompSubProtocol[processed CONNECT(0)-CONNECTED(0)-DISCONNECT(0)], stompBrokerRelay[null], inboundChannel[pool size = 0, active threads = 0, queued tasks = 0, completed tasks = 171], outboundChannel[pool size = 0, active threads = 0, queued tasks = 0, completed tasks = 57], sockJsScheduler[pool size = 4, active threads = 1, queued tasks = 7, completed tasks = 6779]
20:27:59.929 [MessageBroker-4] INFO  o.s.w.s.c.WebSocketMessageBrokerStats - WebSocketSession[6 current WS(0)-HttpStream(6)-HttpPoll(0), 63 total, 0 closed abnormally (0 connect failure, 0 send limit, 0 transport error)], stompSubProtocol[processed CONNECT(0)-CONNECTED(0)-DISCONNECT(0)], stompBrokerRelay[null], inboundChannel[pool size = 0, active threads = 0, queued tasks = 0, completed tasks = 171], outboundChannel[pool size = 0, active threads = 0, queued tasks = 0, completed tasks = 57], sockJsScheduler[pool size = 4, active threads = 1, queued tasks = 7, completed tasks = 7572]
20:57:59.928 [MessageBroker-1] INFO  o.s.w.s.c.WebSocketMessageBrokerStats - WebSocketSession[6 current WS(0)-HttpStream(6)-HttpPoll(0), 63 total, 0 closed abnormally (0 connect failure, 0 send limit, 0 transport error)], stompSubProtocol[processed CONNECT(0)-CONNECTED(0)-DISCONNECT(0)], stompBrokerRelay[null], inboundChannel[pool size = 0, active threads = 0, queued tasks = 0, completed tasks = 171], outboundChannel[pool size = 0, active threads = 0, queued tasks = 0, completed tasks = 57], sockJsScheduler[pool size = 4, active threads = 1, queued tasks = 7, completed tasks = 8365]
21:27:59.928 [MessageBroker-1] INFO  o.s.w.s.c.WebSocketMessageBrokerStats - WebSocketSession[6 current WS(0)-HttpStream(6)-HttpPoll(0), 63 total, 0 closed abnormally (0 connect failure, 0 send limit, 0 transport error)], stompSubProtocol[processed CONNECT(0)-CONNECTED(0)-DISCONNECT(0)], stompBrokerRelay[null], inboundChannel[pool size = 0, active threads = 0, queued tasks = 0, completed tasks = 171], outboundChannel[pool size = 0, active threads = 0, queued tasks = 0, completed tasks = 57], sockJsScheduler[pool size = 4, active threads = 1, queued tasks = 7, completed tasks = 9158]
21:57:59.927 [MessageBroker-1] INFO  o.s.w.s.c.WebSocketMessageBrokerStats - WebSocketSession[6 current WS(0)-HttpStream(6)-HttpPoll(0), 63 total, 0 closed abnormally (0 connect failure, 0 send limit, 0 transport error)], stompSubProtocol[processed CONNECT(0)-CONNECTED(0)-DISCONNECT(0)], stompBrokerRelay[null], inboundChannel[pool size = 0, active threads = 0, queued tasks = 0, completed tasks = 171], outboundChannel[pool size = 0, active threads = 0, queued tasks = 0, completed tasks = 57], sockJsScheduler[pool size = 4, active threads = 1, queued tasks = 7, completed tasks = 9951]
22:27:59.928 [MessageBroker-4] INFO  o.s.w.s.c.WebSocketMessageBrokerStats - WebSocketSession[6 current WS(0)-HttpStream(6)-HttpPoll(0), 63 total, 0 closed abnormally (0 connect failure, 0 send limit, 0 transport error)], stompSubProtocol[processed CONNECT(0)-CONNECTED(0)-DISCONNECT(0)], stompBrokerRelay[null], inboundChannel[pool size = 0, active threads = 0, queued tasks = 0, completed tasks = 171], outboundChannel[pool size = 0, active threads = 0, queued tasks = 0, completed tasks = 57], sockJsScheduler[pool size = 4, active threads = 1, queued tasks = 7, completed tasks = 10744]
22:37:57.453 [http-nio-8080-exec-9] WARN  o.s.w.s.m.s.DefaultHandlerExceptionResolver - Resolved [org.springframework.web.HttpMediaTypeNotAcceptableException: Could not find acceptable representation]
22:37:59.383 [http-nio-8080-exec-10] WARN  o.s.w.s.m.s.DefaultHandlerExceptionResolver - Resolved [org.springframework.web.HttpMediaTypeNotAcceptableException: Could not find acceptable representation]
22:38:01.080 [http-nio-8080-exec-2] WARN  o.s.w.s.m.s.DefaultHandlerExceptionResolver - Resolved [org.springframework.web.HttpMediaTypeNotAcceptableException: Could not find acceptable representation]
22:38:03.213 [http-nio-8080-exec-1] WARN  o.s.w.s.m.s.DefaultHandlerExceptionResolver - Resolved [org.springframework.web.HttpMediaTypeNotAcceptableException: Could not find acceptable representation]
22:38:17.876 [http-nio-8080-exec-3] WARN  o.s.w.s.m.s.DefaultHandlerExceptionResolver - Resolved [org.springframework.web.HttpMediaTypeNotAcceptableException: Could not find acceptable representation]
22:38:19.541 [http-nio-8080-exec-4] WARN  o.s.w.s.m.s.DefaultHandlerExceptionResolver - Resolved [org.springframework.web.HttpMediaTypeNotAcceptableException: Could not find acceptable representation]
22:57:59.928 [MessageBroker-1] INFO  o.s.w.s.c.WebSocketMessageBrokerStats - WebSocketSession[0 current WS(0)-HttpStream(0)-HttpPoll(0), 63 total, 0 closed abnormally (0 connect failure, 0 send limit, 0 transport error)], stompSubProtocol[processed CONNECT(0)-CONNECTED(0)-DISCONNECT(0)], stompBrokerRelay[null], inboundChannel[pool size = 0, active threads = 0, queued tasks = 0, completed tasks = 189], outboundChannel[pool size = 0, active threads = 0, queued tasks = 0, completed tasks = 63], sockJsScheduler[pool size = 4, active threads = 1, queued tasks = 1, completed tasks = 11253]
23:27:59.929 [MessageBroker-4] INFO  o.s.w.s.c.WebSocketMessageBrokerStats - WebSocketSession[0 current WS(0)-HttpStream(0)-HttpPoll(0), 63 total, 0 closed abnormally (0 connect failure, 0 send limit, 0 transport error)], stompSubProtocol[processed CONNECT(0)-CONNECTED(0)-DISCONNECT(0)], stompBrokerRelay[null], inboundChannel[pool size = 0, active threads = 0, queued tasks = 0, completed tasks = 189], outboundChannel[pool size = 0, active threads = 0, queued tasks = 0, completed tasks = 63], sockJsScheduler[pool size = 4, active threads = 1, queued tasks = 1, completed tasks = 11614]
23:57:59.928 [MessageBroker-1] INFO  o.s.w.s.c.WebSocketMessageBrokerStats - WebSocketSession[0 current WS(0)-HttpStream(0)-HttpPoll(0), 63 total, 0 closed abnormally (0 connect failure, 0 send limit, 0 transport error)], stompSubProtocol[processed CONNECT(0)-CONNECTED(0)-DISCONNECT(0)], stompBrokerRelay[null], inboundChannel[pool size = 0, active threads = 0, queued tasks = 0, completed tasks = 189], outboundChannel[pool size = 0, active threads = 0, queued tasks = 0, completed tasks = 63], sockJsScheduler[pool size = 4, active threads = 1, queued tasks = 1, completed tasks = 11975]
